[2025-May-06 21:10:31.198 +02:00][26621:26621][info ] Logging initialized
[2025-May-06 21:10:31.198 +02:00][26621:26621][info ] Initializing krisp SDK...
[2025-May-06 21:10:31.198 +02:00][26621:26621][info ] DoKrispInitialize
[2025-May-06 21:10:31.495 +02:00][26621:26621][info ] LoadDynamicKrisp
[2025-May-06 21:10:31.495 +02:00][26621:26621][info ] Did not find KRISP_DYLIB_PATH, skipping dynamic loading
[2025-May-06 21:10:31.495 +02:00][26621:26621][info ] Initializing Krisp SDK in PID 26621, addr 0x7e2dc0b90d10
[2025-May-06 21:10:31.656 +02:00][26621:26621][info ] Initialized Krisp SDK successfully
[2025-May-06 21:10:31.657 +02:00][26621:26621][info ] Krisp SDK initialized
[2025-May-06 21:11:07.560 +02:00][26621:26621][info ] Logging initialized
[2025-May-06 21:11:07.560 +02:00][26621:26621][info ] Initializing krisp SDK...
[2025-May-06 21:11:07.560 +02:00][26621:26621][info ] Krisp SDK initialized
[2025-May-06 21:11:41.472 +02:00][31534:31534][info ] Logging initialized
[2025-May-06 21:11:41.472 +02:00][31534:31534][info ] Initializing krisp SDK...
[2025-May-06 21:11:41.472 +02:00][31534:31534][info ] DoKrispInitialize
[2025-May-06 21:11:41.766 +02:00][31534:31534][info ] LoadDynamicKrisp
[2025-May-06 21:11:41.766 +02:00][31534:31534][info ] Did not find KRISP_DYLIB_PATH, skipping dynamic loading
[2025-May-06 21:11:41.766 +02:00][31534:31534][info ] Initializing Krisp SDK in PID 31534, addr 0x6f8da4590d10
[2025-May-06 21:11:41.921 +02:00][31534:31534][info ] Initialized Krisp SDK successfully
[2025-May-06 21:11:41.921 +02:00][31534:31534][info ] Krisp SDK initialized
[2025-May-06 21:11:43.156 +02:00][31534:31534][info ] Logging initialized
[2025-May-06 21:11:43.156 +02:00][31534:31534][info ] Initializing krisp SDK...
[2025-May-06 21:11:43.156 +02:00][31534:31534][info ] Krisp SDK initialized
[2025-May-06 21:12:43.094 +02:00][32482:32482][info ] Logging initialized
[2025-May-06 21:12:43.094 +02:00][32482:32482][info ] Initializing krisp SDK...
[2025-May-06 21:12:43.094 +02:00][32482:32482][info ] DoKrispInitialize
[2025-May-06 21:12:43.380 +02:00][32482:32482][info ] LoadDynamicKrisp
[2025-May-06 21:12:43.380 +02:00][32482:32482][info ] Did not find KRISP_DYLIB_PATH, skipping dynamic loading
[2025-May-06 21:12:43.380 +02:00][32482:32482][info ] Initializing Krisp SDK in PID 32482, addr 0x70cb73390d10
[2025-May-06 21:12:43.530 +02:00][32482:32482][info ] Initialized Krisp SDK successfully
[2025-May-06 21:12:43.530 +02:00][32482:32482][info ] Krisp SDK initialized
[2025-May-06 21:13:13.289 +02:00][32482:32482][info ] Logging initialized
[2025-May-06 21:13:13.289 +02:00][32482:32482][info ] Initializing krisp SDK...
[2025-May-06 21:13:13.289 +02:00][32482:32482][info ] Krisp SDK initialized
[2025-May-06 21:13:20.786 +02:00][32482:32724][info ] KrispNCSetup: sampleRate = 48000, duration = 10
[2025-May-06 21:13:20.786 +02:00][32482:32724][info ] Setting Krisp model: full_NC
[2025-May-06 21:13:20.794 +02:00][32482:32724][info ] KrispVADSetup: sampleRate = 48000, duration = 10
[2025-May-06 21:15:16.289 +02:00][ 1675: 1675][info ] Logging initialized
[2025-May-06 21:15:16.289 +02:00][ 1675: 1675][info ] Initializing krisp SDK...
[2025-May-06 21:15:16.289 +02:00][ 1675: 1675][info ] DoKrispInitialize
[2025-May-06 21:15:16.576 +02:00][ 1675: 1675][info ] LoadDynamicKrisp
[2025-May-06 21:15:16.576 +02:00][ 1675: 1675][info ] Did not find KRISP_DYLIB_PATH, skipping dynamic loading
[2025-May-06 21:15:16.576 +02:00][ 1675: 1675][info ] Initializing Krisp SDK in PID 1675, addr 0x73ff2f590d10
[2025-May-06 21:15:16.722 +02:00][ 1675: 1675][info ] Initialized Krisp SDK successfully
[2025-May-06 21:15:16.722 +02:00][ 1675: 1675][info ] Krisp SDK initialized
[2025-May-06 21:15:25.978 +02:00][ 1675: 1711][info ] KrispNCSetup: sampleRate = 48000, duration = 10
[2025-May-06 21:15:25.978 +02:00][ 1675: 1711][info ] Setting Krisp model: full_NC
[2025-May-06 21:15:25.993 +02:00][ 1675: 1711][info ] KrispVADSetup: sampleRate = 48000, duration = 10
[2025-May-06 21:32:24.051 +02:00][ 1676: 1676][info ] Logging initialized
[2025-May-06 21:32:24.051 +02:00][ 1676: 1676][info ] Initializing krisp SDK...
[2025-May-06 21:32:24.051 +02:00][ 1676: 1676][info ] DoKrispInitialize
[2025-May-06 21:32:24.340 +02:00][ 1676: 1676][info ] LoadDynamicKrisp
[2025-May-06 21:32:24.340 +02:00][ 1676: 1676][info ] Did not find KRISP_DYLIB_PATH, skipping dynamic loading
[2025-May-06 21:32:24.340 +02:00][ 1676: 1676][info ] Initializing Krisp SDK in PID 1676, addr 0x7a9b02d90d10
[2025-May-06 21:32:24.490 +02:00][ 1676: 1676][info ] Initialized Krisp SDK successfully
[2025-May-06 21:32:24.490 +02:00][ 1676: 1676][info ] Krisp SDK initialized
[2025-May-06 21:32:30.307 +02:00][ 1676: 1711][info ] KrispNCSetup: sampleRate = 48000, duration = 10
[2025-May-06 21:32:30.307 +02:00][ 1676: 1711][info ] Setting Krisp model: full_NC
[2025-May-06 21:32:30.316 +02:00][ 1676: 1711][info ] KrispVADSetup: sampleRate = 48000, duration = 10
[2025-May-06 23:39:13.243 +02:00][ 1676: 1703][info ] KrispVADReset
[2025-May-07 00:20:20.324 +02:00][ 1606: 1606][info ] Logging initialized
[2025-May-07 00:20:20.324 +02:00][ 1606: 1606][info ] Initializing krisp SDK...
[2025-May-07 00:20:20.324 +02:00][ 1606: 1606][info ] DoKrispInitialize
[2025-May-07 00:20:20.610 +02:00][ 1606: 1606][info ] LoadDynamicKrisp
[2025-May-07 00:20:20.610 +02:00][ 1606: 1606][info ] Did not find KRISP_DYLIB_PATH, skipping dynamic loading
[2025-May-07 00:20:20.610 +02:00][ 1606: 1606][info ] Initializing Krisp SDK in PID 1606, addr 0x7cc44bb90d10
[2025-May-07 00:20:20.764 +02:00][ 1606: 1606][info ] Initialized Krisp SDK successfully
[2025-May-07 00:20:20.764 +02:00][ 1606: 1606][info ] Krisp SDK initialized
[2025-May-07 00:24:33.848 +02:00][ 2706: 2706][info ] Logging initialized
[2025-May-07 00:24:33.848 +02:00][ 2706: 2706][info ] Initializing krisp SDK...
[2025-May-07 00:24:33.848 +02:00][ 2706: 2706][info ] DoKrispInitialize
[2025-May-07 00:24:34.120 +02:00][ 2706: 2706][info ] LoadDynamicKrisp
[2025-May-07 00:24:34.120 +02:00][ 2706: 2706][info ] Did not find KRISP_DYLIB_PATH, skipping dynamic loading
[2025-May-07 00:24:34.120 +02:00][ 2706: 2706][info ] Initializing Krisp SDK in PID 2706, addr 0x7e5d8bd90d10
[2025-May-07 00:24:34.262 +02:00][ 2706: 2706][info ] Initialized Krisp SDK successfully
[2025-May-07 00:24:34.262 +02:00][ 2706: 2706][info ] Krisp SDK initialized
[2025-May-07 00:29:34.516 +02:00][ 3289: 3289][info ] Logging initialized
[2025-May-07 00:29:34.516 +02:00][ 3289: 3289][info ] Initializing krisp SDK...
[2025-May-07 00:29:34.516 +02:00][ 3289: 3289][info ] DoKrispInitialize
[2025-May-07 00:29:34.785 +02:00][ 3289: 3289][info ] LoadDynamicKrisp
[2025-May-07 00:29:34.785 +02:00][ 3289: 3289][info ] Did not find KRISP_DYLIB_PATH, skipping dynamic loading
[2025-May-07 00:29:34.785 +02:00][ 3289: 3289][info ] Initializing Krisp SDK in PID 3289, addr 0x7bc812590d10
[2025-May-07 00:29:34.928 +02:00][ 3289: 3289][info ] Initialized Krisp SDK successfully
[2025-May-07 00:29:34.928 +02:00][ 3289: 3289][info ] Krisp SDK initialized
[2025-May-07 00:30:12.851 +02:00][ 3641: 3641][info ] Logging initialized
[2025-May-07 00:30:12.851 +02:00][ 3641: 3641][info ] Initializing krisp SDK...
[2025-May-07 00:30:12.851 +02:00][ 3641: 3641][info ] DoKrispInitialize
[2025-May-07 00:30:13.123 +02:00][ 3641: 3641][info ] LoadDynamicKrisp
[2025-May-07 00:30:13.123 +02:00][ 3641: 3641][info ] Did not find KRISP_DYLIB_PATH, skipping dynamic loading
[2025-May-07 00:30:13.123 +02:00][ 3641: 3641][info ] Initializing Krisp SDK in PID 3641, addr 0x76711ed90d10
[2025-May-07 00:30:13.266 +02:00][ 3641: 3641][info ] Initialized Krisp SDK successfully
[2025-May-07 00:30:13.266 +02:00][ 3641: 3641][info ] Krisp SDK initialized
[2025-May-07 00:35:48.703 +02:00][ 5440: 5440][info ] Logging initialized
[2025-May-07 00:35:48.703 +02:00][ 5440: 5440][info ] Initializing krisp SDK...
[2025-May-07 00:35:48.703 +02:00][ 5440: 5440][info ] DoKrispInitialize
[2025-May-07 00:35:48.976 +02:00][ 5440: 5440][info ] LoadDynamicKrisp
[2025-May-07 00:35:48.976 +02:00][ 5440: 5440][info ] Did not find KRISP_DYLIB_PATH, skipping dynamic loading
[2025-May-07 00:35:48.976 +02:00][ 5440: 5440][info ] Initializing Krisp SDK in PID 5440, addr 0x760913b90d10
[2025-May-07 00:35:49.120 +02:00][ 5440: 5440][info ] Initialized Krisp SDK successfully
[2025-May-07 00:35:49.120 +02:00][ 5440: 5440][info ] Krisp SDK initialized
[2025-May-07 00:44:50.013 +02:00][13499:13499][info ] Logging initialized
[2025-May-07 00:44:50.013 +02:00][13499:13499][info ] Initializing krisp SDK...
[2025-May-07 00:44:50.013 +02:00][13499:13499][info ] DoKrispInitialize
[2025-May-07 00:44:50.284 +02:00][13499:13499][info ] LoadDynamicKrisp
[2025-May-07 00:44:50.284 +02:00][13499:13499][info ] Did not find KRISP_DYLIB_PATH, skipping dynamic loading
[2025-May-07 00:44:50.284 +02:00][13499:13499][info ] Initializing Krisp SDK in PID 13499, addr 0x77910e390d10
[2025-May-07 00:44:50.428 +02:00][13499:13499][info ] Initialized Krisp SDK successfully
[2025-May-07 00:44:50.428 +02:00][13499:13499][info ] Krisp SDK initialized
[2025-May-07 00:46:51.268 +02:00][13925:13925][info ] Logging initialized
[2025-May-07 00:46:51.268 +02:00][13925:13925][info ] Initializing krisp SDK...
[2025-May-07 00:46:51.268 +02:00][13925:13925][info ] DoKrispInitialize
[2025-May-07 00:46:51.540 +02:00][13925:13925][info ] LoadDynamicKrisp
[2025-May-07 00:46:51.540 +02:00][13925:13925][info ] Did not find KRISP_DYLIB_PATH, skipping dynamic loading
[2025-May-07 00:46:51.540 +02:00][13925:13925][info ] Initializing Krisp SDK in PID 13925, addr 0x7cc48b390d10
[2025-May-07 00:46:51.684 +02:00][13925:13925][info ] Initialized Krisp SDK successfully
[2025-May-07 00:46:51.684 +02:00][13925:13925][info ] Krisp SDK initialized
[2025-May-08 06:27:57.908 +02:00][16991:16991][info ] Logging initialized
[2025-May-08 06:27:57.908 +02:00][16991:16991][info ] Initializing krisp SDK...
[2025-May-08 06:27:57.908 +02:00][16991:16991][info ] DoKrispInitialize
[2025-May-08 06:27:58.733 +02:00][16991:16991][info ] LoadDynamicKrisp
[2025-May-08 06:27:58.733 +02:00][16991:16991][info ] Did not find KRISP_DYLIB_PATH, skipping dynamic loading
[2025-May-08 06:27:58.733 +02:00][16991:16991][info ] Initializing Krisp SDK in PID 16991, addr 0x7ee180590d10
[2025-May-08 06:27:59.136 +02:00][16991:16991][info ] Initialized Krisp SDK successfully
[2025-May-08 06:27:59.136 +02:00][16991:16991][info ] Krisp SDK initialized
[2025-May-09 07:05:32.405 +02:00][ 7027: 7027][info ] Logging initialized
[2025-May-09 07:05:32.405 +02:00][ 7027: 7027][info ] Initializing krisp SDK...
[2025-May-09 07:05:32.405 +02:00][ 7027: 7027][info ] DoKrispInitialize
[2025-May-09 07:05:32.813 +02:00][ 7027: 7027][info ] LoadDynamicKrisp
[2025-May-09 07:05:32.813 +02:00][ 7027: 7027][info ] Did not find KRISP_DYLIB_PATH, skipping dynamic loading
[2025-May-09 07:05:32.813 +02:00][ 7027: 7027][info ] Initializing Krisp SDK in PID 7027, addr 0x71a844790d10
[2025-May-09 07:05:33.030 +02:00][ 7027: 7027][info ] Initialized Krisp SDK successfully
[2025-May-09 07:05:33.030 +02:00][ 7027: 7027][info ] Krisp SDK initialized
[2025-May-09 07:08:24.004 +02:00][ 7027: 8734][info ] KrispNCSetup: sampleRate = 48000, duration = 10
[2025-May-09 07:08:24.004 +02:00][ 7027: 8734][info ] Setting Krisp model: full_NC
[2025-May-09 07:08:24.018 +02:00][ 7027: 8734][info ] KrispVADSetup: sampleRate = 48000, duration = 10
[2025-May-09 07:12:07.003 +02:00][ 7027: 8643][info ] KrispVADReset
[2025-May-09 07:26:46.023 +02:00][66516:66516][info ] Logging initialized
[2025-May-09 07:26:46.023 +02:00][66516:66516][info ] Initializing krisp SDK...
[2025-May-09 07:26:46.023 +02:00][66516:66516][info ] DoKrispInitialize
[2025-May-09 07:26:46.431 +02:00][66516:66516][info ] LoadDynamicKrisp
[2025-May-09 07:26:46.431 +02:00][66516:66516][info ] Did not find KRISP_DYLIB_PATH, skipping dynamic loading
[2025-May-09 07:26:46.431 +02:00][66516:66516][info ] Initializing Krisp SDK in PID 66516, addr 0x7a2c2e990d10
[2025-May-09 07:26:46.648 +02:00][66516:66516][info ] Initialized Krisp SDK successfully
[2025-May-09 07:26:46.648 +02:00][66516:66516][info ] Krisp SDK initialized
[2025-May-09 08:39:17.473 +02:00][66516:68076][info ] KrispNCSetup: sampleRate = 48000, duration = 10
[2025-May-09 08:39:17.473 +02:00][66516:68076][info ] Setting Krisp model: full_NC
[2025-May-09 08:39:17.483 +02:00][66516:68076][info ] KrispVADSetup: sampleRate = 48000, duration = 10
[2025-May-09 08:41:03.360 +02:00][66516:68076][info ] KrispVADSetup: sampleRate = 48000, duration = 10
[2025-May-09 08:41:05.271 +02:00][66516:67971][info ] KrispVADReset
[2025-May-09 10:22:45.573 +02:00][ 2201: 2201][info ] Logging initialized
[2025-May-09 10:22:45.573 +02:00][ 2201: 2201][info ] Initializing krisp SDK...
[2025-May-09 10:22:45.573 +02:00][ 2201: 2201][info ] DoKrispInitialize
[2025-May-09 10:22:45.865 +02:00][ 2201: 2201][info ] LoadDynamicKrisp
[2025-May-09 10:22:45.865 +02:00][ 2201: 2201][info ] Did not find KRISP_DYLIB_PATH, skipping dynamic loading
[2025-May-09 10:22:45.865 +02:00][ 2201: 2201][info ] Initializing Krisp SDK in PID 2201, addr 0x71e26f790d10
[2025-May-09 10:22:46.017 +02:00][ 2201: 2201][info ] Initialized Krisp SDK successfully
[2025-May-09 10:22:46.017 +02:00][ 2201: 2201][info ] Krisp SDK initialized
[2025-May-09 10:23:23.784 +02:00][ 2201: 2306][info ] KrispNCSetup: sampleRate = 48000, duration = 10
[2025-May-09 10:23:23.784 +02:00][ 2201: 2306][info ] Setting Krisp model: full_NC
[2025-May-09 10:23:23.794 +02:00][ 2201: 2306][info ] KrispVADSetup: sampleRate = 48000, duration = 10
[2025-May-09 12:38:40.900 +02:00][ 2118: 2118][info ] Logging initialized
[2025-May-09 12:38:40.900 +02:00][ 2118: 2118][info ] Initializing krisp SDK...
[2025-May-09 12:38:40.900 +02:00][ 2118: 2118][info ] DoKrispInitialize
[2025-May-09 12:38:41.190 +02:00][ 2118: 2118][info ] LoadDynamicKrisp
[2025-May-09 12:38:41.190 +02:00][ 2118: 2118][info ] Did not find KRISP_DYLIB_PATH, skipping dynamic loading
[2025-May-09 12:38:41.190 +02:00][ 2118: 2118][info ] Initializing Krisp SDK in PID 2118, addr 0x78c082390d10
[2025-May-09 12:38:41.343 +02:00][ 2118: 2118][info ] Initialized Krisp SDK successfully
[2025-May-09 12:38:41.343 +02:00][ 2118: 2118][info ] Krisp SDK initialized
[2025-May-09 12:38:46.147 +02:00][ 2118: 2211][info ] KrispNCSetup: sampleRate = 48000, duration = 10
[2025-May-09 12:38:46.147 +02:00][ 2118: 2211][info ] Setting Krisp model: full_NC
[2025-May-09 12:38:46.157 +02:00][ 2118: 2211][info ] KrispVADSetup: sampleRate = 48000, duration = 10
[2025-May-09 13:40:16.886 +02:00][ 3188: 3188][info ] Logging initialized
[2025-May-09 13:40:16.886 +02:00][ 3188: 3188][info ] Initializing krisp SDK...
[2025-May-09 13:40:16.886 +02:00][ 3188: 3188][info ] DoKrispInitialize
[2025-May-09 13:40:17.182 +02:00][ 3188: 3188][info ] LoadDynamicKrisp
[2025-May-09 13:40:17.182 +02:00][ 3188: 3188][info ] Did not find KRISP_DYLIB_PATH, skipping dynamic loading
[2025-May-09 13:40:17.182 +02:00][ 3188: 3188][info ] Initializing Krisp SDK in PID 3188, addr 0x798cab390d10
[2025-May-09 13:40:17.340 +02:00][ 3188: 3188][info ] Initialized Krisp SDK successfully
[2025-May-09 13:40:17.340 +02:00][ 3188: 3188][info ] Krisp SDK initialized
[2025-May-09 13:40:22.061 +02:00][ 3188: 3304][info ] KrispNCSetup: sampleRate = 48000, duration = 10
[2025-May-09 13:40:22.061 +02:00][ 3188: 3304][info ] Setting Krisp model: full_NC
[2025-May-09 13:40:22.071 +02:00][ 3188: 3304][info ] KrispVADSetup: sampleRate = 48000, duration = 10
[2025-May-09 14:57:08.065 +02:00][ 5862: 5862][info ] Logging initialized
[2025-May-09 14:57:08.065 +02:00][ 5862: 5862][info ] Initializing krisp SDK...
[2025-May-09 14:57:08.065 +02:00][ 5862: 5862][info ] DoKrispInitialize
[2025-May-09 14:57:08.356 +02:00][ 5862: 5862][info ] LoadDynamicKrisp
[2025-May-09 14:57:08.356 +02:00][ 5862: 5862][info ] Did not find KRISP_DYLIB_PATH, skipping dynamic loading
[2025-May-09 14:57:08.356 +02:00][ 5862: 5862][info ] Initializing Krisp SDK in PID 5862, addr 0x77c4d4b90d10
[2025-May-09 14:57:08.508 +02:00][ 5862: 5862][info ] Initialized Krisp SDK successfully
[2025-May-09 14:57:08.508 +02:00][ 5862: 5862][info ] Krisp SDK initialized
[2025-May-09 14:57:20.252 +02:00][ 5862: 5959][info ] KrispNCSetup: sampleRate = 48000, duration = 10
[2025-May-09 14:57:20.252 +02:00][ 5862: 5959][info ] Setting Krisp model: full_NC
[2025-May-09 14:57:20.268 +02:00][ 5862: 5959][info ] KrispVADSetup: sampleRate = 48000, duration = 10
[2025-May-09 15:39:07.021 +02:00][ 5862: 5959][info ] KrispVADSetup: sampleRate = 48000, duration = 10
[2025-May-09 15:39:07.787 +02:00][ 5862: 5941][info ] KrispVADReset
[2025-May-09 15:39:07.789 +02:00][ 5862: 5959][info ] KrispVADSetup: sampleRate = 48000, duration = 10
[2025-May-09 15:39:12.631 +02:00][ 5862: 5941][info ] KrispVADReset
[2025-May-09 15:39:12.633 +02:00][ 5862: 5959][info ] KrispVADSetup: sampleRate = 48000, duration = 10
[2025-May-09 15:39:12.636 +02:00][ 5862: 5941][info ] KrispVADReset
[2025-May-09 15:45:23.455 +02:00][ 5862: 5959][info ] KrispVADSetup: sampleRate = 48000, duration = 10
[2025-May-09 15:45:23.483 +02:00][ 5862: 5941][info ] KrispVADReset
[2025-May-09 15:45:23.520 +02:00][ 5862: 5959][info ] KrispVADSetup: sampleRate = 48000, duration = 10
[2025-May-09 15:45:26.921 +02:00][ 5862: 5941][info ] KrispVADReset
[2025-May-09 20:01:16.495 +02:00][1412580:1412580][info ] Logging initialized
[2025-May-09 20:01:16.495 +02:00][1412580:1412580][info ] Initializing krisp SDK...
[2025-May-09 20:01:16.495 +02:00][1412580:1412580][info ] DoKrispInitialize
[2025-May-09 20:01:16.804 +02:00][1412580:1412580][info ] LoadDynamicKrisp
[2025-May-09 20:01:16.804 +02:00][1412580:1412580][info ] Did not find KRISP_DYLIB_PATH, skipping dynamic loading
[2025-May-09 20:01:16.804 +02:00][1412580:1412580][info ] Initializing Krisp SDK in PID 1412580, addr 0x72e24b390d10
[2025-May-09 20:01:16.962 +02:00][1412580:1412580][info ] Initialized Krisp SDK successfully
[2025-May-09 20:01:16.962 +02:00][1412580:1412580][info ] Krisp SDK initialized
[2025-May-09 20:01:19.821 +02:00][1412580:1412697][info ] KrispNCSetup: sampleRate = 48000, duration = 10
[2025-May-09 20:01:19.821 +02:00][1412580:1412697][info ] Setting Krisp model: full_NC
[2025-May-09 20:01:19.829 +02:00][1412580:1412697][info ] KrispVADSetup: sampleRate = 48000, duration = 10
[2025-May-09 21:19:30.946 +02:00][1412580:1412681][info ] KrispVADReset
[2025-May-09 21:19:30.956 +02:00][1412580:1412697][info ] KrispNCReset
[2025-May-09 21:19:30.956 +02:00][1412580:1412697][info ] KrispNCSetup: sampleRate = 8000, duration = 10
[2025-May-09 21:19:30.956 +02:00][1412580:1412697][info ] Setting Krisp model: small_NC_8k
[2025-May-09 21:19:33.032 +02:00][1412580:1412697][info ] KrispNCReset
[2025-May-09 21:19:33.032 +02:00][1412580:1412697][info ] KrispNCSetup: sampleRate = 48000, duration = 10
[2025-May-09 21:19:33.032 +02:00][1412580:1412697][info ] Setting Krisp model: full_NC
[2025-May-09 21:19:33.040 +02:00][1412580:1412697][info ] KrispVADSetup: sampleRate = 48000, duration = 10
[2025-May-10 09:25:27.199 +02:00][ 3499: 3499][info ] Logging initialized
[2025-May-10 09:25:27.199 +02:00][ 3499: 3499][info ] Initializing krisp SDK...
[2025-May-10 09:25:27.199 +02:00][ 3499: 3499][info ] DoKrispInitialize
[2025-May-10 09:25:27.490 +02:00][ 3499: 3499][info ] LoadDynamicKrisp
[2025-May-10 09:25:27.490 +02:00][ 3499: 3499][info ] Did not find KRISP_DYLIB_PATH, skipping dynamic loading
[2025-May-10 09:25:27.490 +02:00][ 3499: 3499][info ] Initializing Krisp SDK in PID 3499, addr 0x7019f5390d10
[2025-May-10 09:25:27.643 +02:00][ 3499: 3499][info ] Initialized Krisp SDK successfully
[2025-May-10 09:25:27.643 +02:00][ 3499: 3499][info ] Krisp SDK initialized
[2025-May-10 10:23:16.927 +02:00][94457:94457][info ] Logging initialized
[2025-May-10 10:23:16.927 +02:00][94457:94457][info ] Initializing krisp SDK...
[2025-May-10 10:23:16.927 +02:00][94457:94457][info ] DoKrispInitialize
[2025-May-10 10:23:17.224 +02:00][94457:94457][info ] LoadDynamicKrisp
[2025-May-10 10:23:17.224 +02:00][94457:94457][info ] Did not find KRISP_DYLIB_PATH, skipping dynamic loading
[2025-May-10 10:23:17.224 +02:00][94457:94457][info ] Initializing Krisp SDK in PID 94457, addr 0x7920a0790d10
[2025-May-10 10:23:17.382 +02:00][94457:94457][info ] Initialized Krisp SDK successfully
[2025-May-10 10:23:17.382 +02:00][94457:94457][info ] Krisp SDK initialized
[2025-May-10 19:17:52.312 +02:00][42138:42138][info ] Logging initialized
[2025-May-10 19:17:52.312 +02:00][42138:42138][info ] Initializing krisp SDK...
[2025-May-10 19:17:52.312 +02:00][42138:42138][info ] DoKrispInitialize
[2025-May-10 19:17:52.607 +02:00][42138:42138][info ] LoadDynamicKrisp
[2025-May-10 19:17:52.607 +02:00][42138:42138][info ] Did not find KRISP_DYLIB_PATH, skipping dynamic loading
[2025-May-10 19:17:52.607 +02:00][42138:42138][info ] Initializing Krisp SDK in PID 42138, addr 0x7e1ec4390d10
[2025-May-10 19:17:52.760 +02:00][42138:42138][info ] Initialized Krisp SDK successfully
[2025-May-10 19:17:52.760 +02:00][42138:42138][info ] Krisp SDK initialized
[2025-May-10 19:44:54.564 +02:00][57562:57562][info ] Logging initialized
[2025-May-10 19:44:54.564 +02:00][57562:57562][info ] Initializing krisp SDK...
[2025-May-10 19:44:54.564 +02:00][57562:57562][info ] DoKrispInitialize
[2025-May-10 19:44:54.867 +02:00][57562:57562][info ] LoadDynamicKrisp
[2025-May-10 19:44:54.867 +02:00][57562:57562][info ] Did not find KRISP_DYLIB_PATH, skipping dynamic loading
[2025-May-10 19:44:54.867 +02:00][57562:57562][info ] Initializing Krisp SDK in PID 57562, addr 0x701b7a390d10
[2025-May-10 19:44:55.022 +02:00][57562:57562][info ] Initialized Krisp SDK successfully
[2025-May-10 19:44:55.022 +02:00][57562:57562][info ] Krisp SDK initialized
[2025-May-10 21:42:15.485 +02:00][106240:106240][info ] Logging initialized
[2025-May-10 21:42:15.485 +02:00][106240:106240][info ] Initializing krisp SDK...
[2025-May-10 21:42:15.485 +02:00][106240:106240][info ] DoKrispInitialize
[2025-May-10 21:42:15.771 +02:00][106240:106240][info ] LoadDynamicKrisp
[2025-May-10 21:42:15.771 +02:00][106240:106240][info ] Did not find KRISP_DYLIB_PATH, skipping dynamic loading
[2025-May-10 21:42:15.771 +02:00][106240:106240][info ] Initializing Krisp SDK in PID 106240, addr 0x7c688b390d10
[2025-May-10 21:42:15.925 +02:00][106240:106240][info ] Initialized Krisp SDK successfully
[2025-May-10 21:42:15.925 +02:00][106240:106240][info ] Krisp SDK initialized
[2025-May-10 21:42:24.512 +02:00][106240:106368][info ] KrispNCSetup: sampleRate = 48000, duration = 10
[2025-May-10 21:42:24.512 +02:00][106240:106368][info ] Setting Krisp model: full_NC
[2025-May-10 21:42:24.523 +02:00][106240:106368][info ] KrispVADSetup: sampleRate = 48000, duration = 10
[2025-May-11 09:03:41.945 +02:00][ 4842: 4842][info ] Logging initialized
[2025-May-11 09:03:41.945 +02:00][ 4842: 4842][info ] Initializing krisp SDK...
[2025-May-11 09:03:41.945 +02:00][ 4842: 4842][info ] DoKrispInitialize
[2025-May-11 09:03:42.230 +02:00][ 4842: 4842][info ] LoadDynamicKrisp
[2025-May-11 09:03:42.230 +02:00][ 4842: 4842][info ] Did not find KRISP_DYLIB_PATH, skipping dynamic loading
[2025-May-11 09:03:42.230 +02:00][ 4842: 4842][info ] Initializing Krisp SDK in PID 4842, addr 0x73f4b2d90d10
[2025-May-11 09:03:42.384 +02:00][ 4842: 4842][info ] Initialized Krisp SDK successfully
[2025-May-11 09:03:42.384 +02:00][ 4842: 4842][info ] Krisp SDK initialized
[2025-May-11 11:04:33.567 +02:00][ 4842: 4975][info ] KrispNCSetup: sampleRate = 48000, duration = 10
[2025-May-11 11:04:33.567 +02:00][ 4842: 4975][info ] Setting Krisp model: full_NC
[2025-May-11 11:04:33.577 +02:00][ 4842: 4975][info ] KrispVADSetup: sampleRate = 48000, duration = 10
[2025-May-11 14:29:27.004 +02:00][1510282:1510282][info ] Logging initialized
[2025-May-11 14:29:27.004 +02:00][1510282:1510282][info ] Initializing krisp SDK...
[2025-May-11 14:29:27.004 +02:00][1510282:1510282][info ] DoKrispInitialize
[2025-May-11 14:29:27.321 +02:00][1510282:1510282][info ] LoadDynamicKrisp
[2025-May-11 14:29:27.321 +02:00][1510282:1510282][info ] Did not find KRISP_DYLIB_PATH, skipping dynamic loading
[2025-May-11 14:29:27.321 +02:00][1510282:1510282][info ] Initializing Krisp SDK in PID 1510282, addr 0x7d3e12f90d10
[2025-May-11 14:29:27.482 +02:00][1510282:1510282][info ] Initialized Krisp SDK successfully
[2025-May-11 14:29:27.482 +02:00][1510282:1510282][info ] Krisp SDK initialized
[2025-May-11 15:12:04.069 +02:00][1510282:1510408][info ] KrispNCSetup: sampleRate = 48000, duration = 10
[2025-May-11 15:12:04.069 +02:00][1510282:1510408][info ] Setting Krisp model: full_NC
[2025-May-11 15:12:04.078 +02:00][1510282:1510408][info ] KrispVADSetup: sampleRate = 48000, duration = 10
[2025-May-13 17:17:56.229 +02:00][ 2827: 2827][info ] Logging initialized
[2025-May-13 17:17:56.229 +02:00][ 2827: 2827][info ] Initializing krisp SDK...
[2025-May-13 17:17:56.229 +02:00][ 2827: 2827][info ] DoKrispInitialize
[2025-May-13 17:17:56.635 +02:00][ 2827: 2827][info ] LoadDynamicKrisp
[2025-May-13 17:17:56.635 +02:00][ 2827: 2827][info ] Did not find KRISP_DYLIB_PATH, skipping dynamic loading
[2025-May-13 17:17:56.635 +02:00][ 2827: 2827][info ] Initializing Krisp SDK in PID 2827, addr 0x77b744b90d10
[2025-May-13 17:17:56.848 +02:00][ 2827: 2827][info ] Initialized Krisp SDK successfully
[2025-May-13 17:17:56.848 +02:00][ 2827: 2827][info ] Krisp SDK initialized
[2025-May-13 17:18:53.957 +02:00][ 8383: 8383][info ] Logging initialized
[2025-May-13 17:18:53.957 +02:00][ 8383: 8383][info ] Initializing krisp SDK...
[2025-May-13 17:18:53.957 +02:00][ 8383: 8383][info ] DoKrispInitialize
[2025-May-13 17:18:54.344 +02:00][ 8383: 8383][info ] LoadDynamicKrisp
[2025-May-13 17:18:54.344 +02:00][ 8383: 8383][info ] Did not find KRISP_DYLIB_PATH, skipping dynamic loading
[2025-May-13 17:18:54.344 +02:00][ 8383: 8383][info ] Initializing Krisp SDK in PID 8383, addr 0x77696fd90d10
[2025-May-13 17:18:54.553 +02:00][ 8383: 8383][info ] Initialized Krisp SDK successfully
[2025-May-13 17:18:54.553 +02:00][ 8383: 8383][info ] Krisp SDK initialized
[2025-May-13 17:19:02.578 +02:00][ 8383: 8602][info ] KrispNCSetup: sampleRate = 48000, duration = 10
[2025-May-13 17:19:02.578 +02:00][ 8383: 8602][info ] Setting Krisp model: full_NC
[2025-May-13 17:19:02.590 +02:00][ 8383: 8602][info ] KrispVADSetup: sampleRate = 48000, duration = 10
[2025-May-14 16:54:15.705 +02:00][ 5677: 5677][info ] Logging initialized
[2025-May-14 16:54:15.705 +02:00][ 5677: 5677][info ] Initializing krisp SDK...
[2025-May-14 16:54:15.705 +02:00][ 5677: 5677][info ] DoKrispInitialize
[2025-May-14 16:54:15.997 +02:00][ 5677: 5677][info ] LoadDynamicKrisp
[2025-May-14 16:54:15.997 +02:00][ 5677: 5677][info ] Did not find KRISP_DYLIB_PATH, skipping dynamic loading
[2025-May-14 16:54:15.997 +02:00][ 5677: 5677][info ] Initializing Krisp SDK in PID 5677, addr 0x7bcefdd90d10
[2025-May-14 16:54:16.153 +02:00][ 5677: 5677][info ] Initialized Krisp SDK successfully
[2025-May-14 16:54:16.153 +02:00][ 5677: 5677][info ] Krisp SDK initialized
[2025-May-14 18:52:41.283 +02:00][552596:552596][info ] Logging initialized
[2025-May-14 18:52:41.283 +02:00][552596:552596][info ] Initializing krisp SDK...
[2025-May-14 18:52:41.283 +02:00][552596:552596][info ] DoKrispInitialize
[2025-May-14 18:52:41.595 +02:00][552596:552596][info ] LoadDynamicKrisp
[2025-May-14 18:52:41.595 +02:00][552596:552596][info ] Did not find KRISP_DYLIB_PATH, skipping dynamic loading
[2025-May-14 18:52:41.595 +02:00][552596:552596][info ] Initializing Krisp SDK in PID 552596, addr 0x72de5e790d10
[2025-May-14 18:52:41.760 +02:00][552596:552596][info ] Initialized Krisp SDK successfully
[2025-May-14 18:52:41.760 +02:00][552596:552596][info ] Krisp SDK initialized
[2025-May-19 13:40:17.503 +02:00][ 4739: 4739][info ] Logging initialized
[2025-May-19 13:40:17.503 +02:00][ 4739: 4739][info ] Initializing krisp SDK...
[2025-May-19 13:40:17.503 +02:00][ 4739: 4739][info ] DoKrispInitialize
[2025-May-19 13:40:17.785 +02:00][ 4739: 4739][info ] LoadDynamicKrisp
[2025-May-19 13:40:17.785 +02:00][ 4739: 4739][info ] Did not find KRISP_DYLIB_PATH, skipping dynamic loading
[2025-May-19 13:40:17.785 +02:00][ 4739: 4739][info ] Initializing Krisp SDK in PID 4739, addr 0x769fa6390d10
[2025-May-19 13:40:17.934 +02:00][ 4739: 4739][info ] Initialized Krisp SDK successfully
[2025-May-19 13:40:17.934 +02:00][ 4739: 4739][info ] Krisp SDK initialized
[2025-May-19 20:32:29.413 +02:00][ 4739: 4914][info ] KrispNCSetup: sampleRate = 48000, duration = 10
[2025-May-19 20:32:29.413 +02:00][ 4739: 4914][info ] Setting Krisp model: full_NC
[2025-May-19 20:32:29.441 +02:00][ 4739: 4914][info ] KrispVADSetup: sampleRate = 48000, duration = 10
[2025-May-19 21:11:31.463 +02:00][ 4739: 4914][info ] KrispVADSetup: sampleRate = 48000, duration = 10
[2025-May-19 21:11:37.094 +02:00][ 4739: 4898][info ] KrispVADReset
[2025-May-19 21:11:37.106 +02:00][ 4739: 4914][info ] KrispVADSetup: sampleRate = 48000, duration = 10
[2025-May-19 21:11:38.813 +02:00][ 4739: 4898][info ] KrispVADReset
